<?xml version="1.0" encoding="UTF-8"?>
<!-- Generated by org.testng.reporters.JUnitReportReporter -->
<testsuite hostname="DESKTOP-C9AATUT" failures="0" tests="3" name="com.org.qa.testcases.LoginPageTest" time="89.586" errors="0" timestamp="2022-07-18T09:56:07 IST" skipped="0">
  <testcase classname="com.org.qa.testcases.LoginPageTest" name="loginPageTitleTest" time="16.583"/>
  <system-out/>
  <testcase classname="com.org.qa.testcases.LoginPageTest" name="loginPageImageTets" time="16.344"/>
  <system-out/>
  <testcase classname="com.org.qa.testcases.LoginPageTest" name="loginTest" time="56.659"/>
  <system-out/>
</testsuite> <!-- com.org.qa.testcases.LoginPageTest -->
